{'loss': 0.6721, 'grad_norm': 4.108126640319824, 'learning_rate': 9.522445081184337e-06, 'epoch': 0.48}
{'loss': 0.5544, 'grad_norm': 6.252302646636963, 'learning_rate': 9.044890162368674e-06, 'epoch': 0.96}
{'eval_loss': 0.4991355836391449, 'eval_accuracy': 0.7594874322326269, 'eval_precision': 0.8092999489013797, 'eval_recall': 0.6933718588564924, 'eval_f1': 0.7468640950674338, 'eval_runtime': 567.7375, 'eval_samples_per_second': 39.312, 'eval_steps_per_second': 0.615, 'epoch': 1.0}
{'loss': 0.4695, 'grad_norm': 6.660118103027344, 'learning_rate': 8.567335243553008e-06, 'epoch': 1.43}
{'loss': 0.4258, 'grad_norm': 10.33441162109375, 'learning_rate': 8.089780324737345e-06, 'epoch': 1.91}
{'eval_loss': 0.3630799949169159, 'eval_accuracy': 0.8519198888839106, 'eval_precision': 0.8657173756308579, 'eval_recall': 0.8410822169687417, 'eval_f1': 0.8532220100368609, 'eval_runtime': 570.0367, 'eval_samples_per_second': 39.154, 'eval_steps_per_second': 0.612, 'epoch': 2.0}
{'loss': 0.3734, 'grad_norm': 7.851154804229736, 'learning_rate': 7.612225405921681e-06, 'epoch': 2.39}
{'loss': 0.3545, 'grad_norm': 6.574676036834717, 'learning_rate': 7.134670487106018e-06, 'epoch': 2.87}
{'eval_loss': 0.3208083212375641, 'eval_accuracy': 0.8785339844975133, 'eval_precision': 0.8857395925597874, 'eval_recall': 0.8755800717975659, 'eval_f1': 0.8806305314605256, 'eval_runtime': 570.4747, 'eval_samples_per_second': 39.124, 'eval_steps_per_second': 0.612, 'epoch': 3.0}
{'loss': 0.3278, 'grad_norm': 6.898852348327637, 'learning_rate': 6.657115568290354e-06, 'epoch': 3.34}
{'loss': 0.3081, 'grad_norm': 8.145541191101074, 'learning_rate': 6.17956064947469e-06, 'epoch': 3.82}
{'eval_loss': 0.2894168794155121, 'eval_accuracy': 0.8988753976432636, 'eval_precision': 0.8945918015845676, 'eval_recall': 0.9095525785833114, 'eval_f1': 0.902010159336604, 'eval_runtime': 570.4691, 'eval_samples_per_second': 39.124, 'eval_steps_per_second': 0.612, 'epoch': 4.0}
{'loss': 0.2905, 'grad_norm': 7.710882663726807, 'learning_rate': 5.7020057306590255e-06, 'epoch': 4.3}
{'loss': 0.2825, 'grad_norm': 6.117190837860107, 'learning_rate': 5.224450811843362e-06, 'epoch': 4.78}
{'eval_loss': 0.28751564025878906, 'eval_accuracy': 0.9031766656212196, 'eval_precision': 0.9202977487291213, 'eval_recall': 0.8876630767883723, 'eval_f1': 0.903685876008379, 'eval_runtime': 569.3853, 'eval_samples_per_second': 39.198, 'eval_steps_per_second': 0.613, 'epoch': 5.0}
{'loss': 0.2677, 'grad_norm': 9.377676010131836, 'learning_rate': 4.7468958930276985e-06, 'epoch': 5.25}
{'loss': 0.2584, 'grad_norm': 6.706892013549805, 'learning_rate': 4.269340974212035e-06, 'epoch': 5.73}
{'eval_loss': 0.25799381732940674, 'eval_accuracy': 0.9143778843138134, 'eval_precision': 0.916520672740014, 'eval_recall': 0.9161194291217932, 'eval_f1': 0.9163200070061742, 'eval_runtime': 570.4289, 'eval_samples_per_second': 39.127, 'eval_steps_per_second': 0.612, 'epoch': 6.0}
{'loss': 0.2474, 'grad_norm': 16.8171443939209, 'learning_rate': 3.791786055396371e-06, 'epoch': 6.21}
{'loss': 0.2384, 'grad_norm': 11.179170608520508, 'learning_rate': 3.3142311365807074e-06, 'epoch': 6.69}
{'eval_loss': 0.25714656710624695, 'eval_accuracy': 0.9171109816748062, 'eval_precision': 0.9130059549495124, 'eval_recall': 0.9262761579546449, 'eval_f1': 0.9195931849791377, 'eval_runtime': 570.0301, 'eval_samples_per_second': 39.154, 'eval_steps_per_second': 0.612, 'epoch': 7.0}
{'loss': 0.238, 'grad_norm': 5.110284805297852, 'learning_rate': 2.836676217765043e-06, 'epoch': 7.16}
{'loss': 0.2272, 'grad_norm': 6.518316268920898, 'learning_rate': 2.3591212989493795e-06, 'epoch': 7.64}
{'eval_loss': 0.24554111063480377, 'eval_accuracy': 0.9202921277835029, 'eval_precision': 0.9213424226533823, 'eval_recall': 0.9230365116889939, 'eval_f1': 0.9221886891484058, 'eval_runtime': 569.8236, 'eval_samples_per_second': 39.168, 'eval_steps_per_second': 0.612, 'epoch': 8.0}
{'loss': 0.23, 'grad_norm': 8.475149154663086, 'learning_rate': 1.8815663801337155e-06, 'epoch': 8.12}
{'loss': 0.2191, 'grad_norm': 8.986499786376953, 'learning_rate': 1.4040114613180518e-06, 'epoch': 8.6}
{'eval_loss': 0.24641866981983185, 'eval_accuracy': 0.9210090057798288, 'eval_precision': 0.9306224362404137, 'eval_recall': 0.9137553629279398, 'eval_f1': 0.9221117738016348, 'eval_runtime': 570.3515, 'eval_samples_per_second': 39.132, 'eval_steps_per_second': 0.612, 'epoch': 9.0}
{'loss': 0.2184, 'grad_norm': 6.5159406661987305, 'learning_rate': 9.264565425023879e-07, 'epoch': 9.07}
{'loss': 0.2097, 'grad_norm': 10.420693397521973, 'learning_rate': 4.48901623686724e-07, 'epoch': 9.55}
{'eval_loss': 0.24819885194301605, 'eval_accuracy': 0.9223083471481697, 'eval_precision': 0.9288180610889775, 'eval_recall': 0.9185710533228264, 'eval_f1': 0.9236661384046488, 'eval_runtime': 569.9484, 'eval_samples_per_second': 39.16, 'eval_steps_per_second': 0.612, 'epoch': 10.0}
{'train_runtime': 30034.7743, 'train_samples_per_second': 22.292, 'train_steps_per_second': 0.349, 'train_loss': 0.3157541750495277, 'epoch': 10.0}
/tmpdir/job/101619.undefined/
/tmpdir/job/101619.undefined/.smpd
