{'loss': 0.618, 'grad_norm': 5.409881591796875, 'learning_rate': 9.522445081184337e-06, 'epoch': 0.48}
{'loss': 0.4554, 'grad_norm': 7.6352434158325195, 'learning_rate': 9.044890162368674e-06, 'epoch': 0.96}
{'eval_loss': 0.38251644372940063, 'eval_accuracy': 0.8394641336977463, 'eval_precision': 0.8818943675696745, 'eval_recall': 0.7923999649767971, 'eval_f1': 0.8347553382834478, 'eval_runtime': 680.9249, 'eval_samples_per_second': 32.777, 'eval_steps_per_second': 0.513, 'epoch': 1.0}
{'loss': 0.3691, 'grad_norm': 4.643296718597412, 'learning_rate': 8.567335243553008e-06, 'epoch': 1.43}
{'loss': 0.3352, 'grad_norm': 4.554448127746582, 'learning_rate': 8.089780324737345e-06, 'epoch': 1.91}
{'eval_loss': 0.3024106025695801, 'eval_accuracy': 0.8846274474662843, 'eval_precision': 0.9270129368603978, 'eval_recall': 0.8407319849400228, 'eval_f1': 0.8817668396161441, 'eval_runtime': 680.6845, 'eval_samples_per_second': 32.789, 'eval_steps_per_second': 0.513, 'epoch': 2.0}
{'loss': 0.294, 'grad_norm': 5.882662296295166, 'learning_rate': 7.612225405921681e-06, 'epoch': 2.39}
{'loss': 0.2835, 'grad_norm': 5.120452404022217, 'learning_rate': 7.134670487106018e-06, 'epoch': 2.87}
{'eval_loss': 0.24946971237659454, 'eval_accuracy': 0.9149155428110578, 'eval_precision': 0.9269955156950672, 'eval_recall': 0.9049995622099641, 'eval_f1': 0.9158654911169198, 'eval_runtime': 684.4415, 'eval_samples_per_second': 32.609, 'eval_steps_per_second': 0.51, 'epoch': 3.0}
{'loss': 0.2554, 'grad_norm': 4.767083168029785, 'learning_rate': 6.657115568290354e-06, 'epoch': 3.34}
{'loss': 0.2413, 'grad_norm': 4.866188049316406, 'learning_rate': 6.17956064947469e-06, 'epoch': 3.82}
{'eval_loss': 0.22797131538391113, 'eval_accuracy': 0.9263407858775035, 'eval_precision': 0.9280273180982401, 'eval_recall': 0.9280273180982401, 'eval_f1': 0.9280273180982401, 'eval_runtime': 683.6673, 'eval_samples_per_second': 32.646, 'eval_steps_per_second': 0.51, 'epoch': 4.0}
{'loss': 0.2325, 'grad_norm': 6.830117702484131, 'learning_rate': 5.7020057306590255e-06, 'epoch': 4.3}
{'loss': 0.2221, 'grad_norm': 5.217036724090576, 'learning_rate': 5.224450811843362e-06, 'epoch': 4.78}
{'eval_loss': 0.2226424217224121, 'eval_accuracy': 0.9294771271114297, 'eval_precision': 0.9352842365838564, 'eval_recall': 0.9262761579546449, 'eval_f1': 0.9307584022523314, 'eval_runtime': 681.5229, 'eval_samples_per_second': 32.749, 'eval_steps_per_second': 0.512, 'epoch': 5.0}
{'loss': 0.214, 'grad_norm': 6.7699480056762695, 'learning_rate': 4.7468958930276985e-06, 'epoch': 5.25}
{'loss': 0.2075, 'grad_norm': 5.529789924621582, 'learning_rate': 4.269340974212035e-06, 'epoch': 5.73}
{'eval_loss': 0.2160559743642807, 'eval_accuracy': 0.9323894439715041, 'eval_precision': 0.9240972103371555, 'eval_recall': 0.9455389195341914, 'eval_f1': 0.9346951140347082, 'eval_runtime': 682.1604, 'eval_samples_per_second': 32.718, 'eval_steps_per_second': 0.512, 'epoch': 6.0}
{'loss': 0.1972, 'grad_norm': 5.119676113128662, 'learning_rate': 3.791786055396371e-06, 'epoch': 6.21}
{'loss': 0.1956, 'grad_norm': 6.477957725524902, 'learning_rate': 3.3142311365807074e-06, 'epoch': 6.69}
{'eval_loss': 0.213464617729187, 'eval_accuracy': 0.9341368340875488, 'eval_precision': 0.9299230968633889, 'eval_recall': 0.9422992732685405, 'eval_f1': 0.9360702792032705, 'eval_runtime': 682.3805, 'eval_samples_per_second': 32.708, 'eval_steps_per_second': 0.511, 'epoch': 7.0}
{'loss': 0.1921, 'grad_norm': 6.863609313964844, 'learning_rate': 2.836676217765043e-06, 'epoch': 7.16}
{'loss': 0.1836, 'grad_norm': 5.074960231781006, 'learning_rate': 2.3591212989493795e-06, 'epoch': 7.64}
{'eval_loss': 0.2104707658290863, 'eval_accuracy': 0.9354361754558896, 'eval_precision': 0.9327089836975373, 'eval_recall': 0.9417739252254619, 'eval_f1': 0.9372195355726921, 'eval_runtime': 682.8933, 'eval_samples_per_second': 32.683, 'eval_steps_per_second': 0.511, 'epoch': 8.0}
{'loss': 0.1888, 'grad_norm': 5.404402256011963, 'learning_rate': 1.8815663801337155e-06, 'epoch': 8.12}
{'loss': 0.1786, 'grad_norm': 4.7666544914245605, 'learning_rate': 1.4040114613180518e-06, 'epoch': 8.6}
{'eval_loss': 0.20968449115753174, 'eval_accuracy': 0.9370043460728528, 'eval_precision': 0.9406071271447426, 'eval_recall': 0.935995096751598, 'eval_f1': 0.9382954445712278, 'eval_runtime': 682.5587, 'eval_samples_per_second': 32.699, 'eval_steps_per_second': 0.511, 'epoch': 9.0}
{'loss': 0.1797, 'grad_norm': 5.635172367095947, 'learning_rate': 9.264565425023879e-07, 'epoch': 9.07}
{'loss': 0.1728, 'grad_norm': 9.956401824951172, 'learning_rate': 4.48901623686724e-07, 'epoch': 9.55}
{'eval_loss': 0.20942485332489014, 'eval_accuracy': 0.9378108338187194, 'eval_precision': 0.9394656154183092, 'eval_recall': 0.9389720689957096, 'eval_f1': 0.9392187773690663, 'eval_runtime': 682.9776, 'eval_samples_per_second': 32.679, 'eval_steps_per_second': 0.511, 'epoch': 10.0}
{'train_runtime': 31049.738, 'train_samples_per_second': 21.564, 'train_steps_per_second': 0.337, 'train_loss': 0.25684358511180566, 'epoch': 10.0}
/tmpdir/job/453329.undefined/
/tmpdir/job/453329.undefined/.smpd
