{'loss': 0.6257, 'grad_norm': 8.079617500305176, 'learning_rate': 9.522445081184337e-06, 'epoch': 0.48}
{'loss': 0.4734, 'grad_norm': 8.259410858154297, 'learning_rate': 9.044890162368674e-06, 'epoch': 0.96}
{'eval_loss': 0.3966582417488098, 'eval_accuracy': 0.8353420852188718, 'eval_precision': 0.8571560309848765, 'eval_recall': 0.8138516767358375, 'eval_f1': 0.8349427352346733, 'eval_runtime': 747.8133, 'eval_samples_per_second': 29.846, 'eval_steps_per_second': 0.467, 'epoch': 1.0}
{'loss': 0.3755, 'grad_norm': 7.947932243347168, 'learning_rate': 8.567335243553008e-06, 'epoch': 1.43}
{'loss': 0.3321, 'grad_norm': 9.458306312561035, 'learning_rate': 8.089780324737345e-06, 'epoch': 1.91}
{'eval_loss': 0.27342239022254944, 'eval_accuracy': 0.9022805681258121, 'eval_precision': 0.9193899782135077, 'eval_recall': 0.8867874967165748, 'eval_f1': 0.9027944912421448, 'eval_runtime': 747.0939, 'eval_samples_per_second': 29.874, 'eval_steps_per_second': 0.467, 'epoch': 2.0}
{'loss': 0.2861, 'grad_norm': 7.371483325958252, 'learning_rate': 7.612225405921681e-06, 'epoch': 2.39}
{'loss': 0.2675, 'grad_norm': 5.672387599945068, 'learning_rate': 7.134670487106018e-06, 'epoch': 2.87}
{'eval_loss': 0.2455069124698639, 'eval_accuracy': 0.9169317621757247, 'eval_precision': 0.9434504496152777, 'eval_recall': 0.8910778390683828, 'eval_f1': 0.9165165706051873, 'eval_runtime': 746.3248, 'eval_samples_per_second': 29.905, 'eval_steps_per_second': 0.468, 'epoch': 3.0}
{'loss': 0.2432, 'grad_norm': 5.1841535568237305, 'learning_rate': 6.657115568290354e-06, 'epoch': 3.34}
{'loss': 0.2279, 'grad_norm': 7.750470161437988, 'learning_rate': 6.17956064947469e-06, 'epoch': 3.82}
{'eval_loss': 0.2161312848329544, 'eval_accuracy': 0.9339576145884673, 'eval_precision': 0.9325158709452996, 'eval_recall': 0.9388845109885299, 'eval_f1': 0.9356893542757417, 'eval_runtime': 746.8665, 'eval_samples_per_second': 29.884, 'eval_steps_per_second': 0.467, 'epoch': 4.0}
{'loss': 0.2165, 'grad_norm': 3.368285894393921, 'learning_rate': 5.7020057306590255e-06, 'epoch': 4.3}
{'loss': 0.2093, 'grad_norm': 7.587177753448486, 'learning_rate': 5.224450811843362e-06, 'epoch': 4.78}
{'eval_loss': 0.22338008880615234, 'eval_accuracy': 0.9321654195976522, 'eval_precision': 0.9479967441439812, 'eval_recall': 0.9177830312582086, 'eval_f1': 0.9326452531363999, 'eval_runtime': 745.9088, 'eval_samples_per_second': 29.922, 'eval_steps_per_second': 0.468, 'epoch': 5.0}
{'loss': 0.2007, 'grad_norm': 11.444361686706543, 'learning_rate': 4.7468958930276985e-06, 'epoch': 5.25}
{'loss': 0.1931, 'grad_norm': 6.601756572723389, 'learning_rate': 4.269340974212035e-06, 'epoch': 5.73}
{'eval_loss': 0.20673632621765137, 'eval_accuracy': 0.9383932971907344, 'eval_precision': 0.9344404082338695, 'eval_recall': 0.9459767095700902, 'eval_f1': 0.9401731714745681, 'eval_runtime': 745.9971, 'eval_samples_per_second': 29.918, 'eval_steps_per_second': 0.468, 'epoch': 6.0}
{'loss': 0.1851, 'grad_norm': 8.105485916137695, 'learning_rate': 3.791786055396371e-06, 'epoch': 6.21}
{'loss': 0.1824, 'grad_norm': 12.09562873840332, 'learning_rate': 3.3142311365807074e-06, 'epoch': 6.69}
{'eval_loss': 0.2031441181898117, 'eval_accuracy': 0.9412608091760384, 'eval_precision': 0.9427995795374913, 'eval_recall': 0.9423868312757202, 'eval_f1': 0.9425931602224461, 'eval_runtime': 746.6939, 'eval_samples_per_second': 29.89, 'eval_steps_per_second': 0.467, 'epoch': 7.0}
{'loss': 0.177, 'grad_norm': 4.343350887298584, 'learning_rate': 2.836676217765043e-06, 'epoch': 7.16}
{'loss': 0.172, 'grad_norm': 5.7523064613342285, 'learning_rate': 2.3591212989493795e-06, 'epoch': 7.64}
{'eval_loss': 0.2010573297739029, 'eval_accuracy': 0.9415296384246606, 'eval_precision': 0.9425196850393701, 'eval_recall': 0.9432624113475178, 'eval_f1': 0.9428909019298937, 'eval_runtime': 747.6665, 'eval_samples_per_second': 29.852, 'eval_steps_per_second': 0.467, 'epoch': 8.0}
{'loss': 0.178, 'grad_norm': 6.265832424163818, 'learning_rate': 1.8815663801337155e-06, 'epoch': 8.12}
{'loss': 0.1643, 'grad_norm': 8.974321365356445, 'learning_rate': 1.4040114613180518e-06, 'epoch': 8.6}
{'eval_loss': 0.20222656428813934, 'eval_accuracy': 0.9426945651686903, 'eval_precision': 0.9449026144937709, 'eval_recall': 0.9429997373259784, 'eval_f1': 0.9439502169244928, 'eval_runtime': 746.1543, 'eval_samples_per_second': 29.912, 'eval_steps_per_second': 0.468, 'epoch': 9.0}
{'loss': 0.1683, 'grad_norm': 1.5609112977981567, 'learning_rate': 9.264565425023879e-07, 'epoch': 9.07}
{'loss': 0.1619, 'grad_norm': 11.778643608093262, 'learning_rate': 4.48901623686724e-07, 'epoch': 9.55}
{'eval_loss': 0.2028883993625641, 'eval_accuracy': 0.9422017115462162, 'eval_precision': 0.9443031313042716, 'eval_recall': 0.9426495052972594, 'eval_f1': 0.9434755937253527, 'eval_runtime': 748.9607, 'eval_samples_per_second': 29.8, 'eval_steps_per_second': 0.466, 'epoch': 10.0}
{'train_runtime': 37132.937, 'train_samples_per_second': 18.031, 'train_steps_per_second': 0.282, 'train_loss': 0.24782891041228286, 'epoch': 10.0}
/tmpdir/job/101617.undefined/
/tmpdir/job/101617.undefined/.smpd
