{'loss': 0.6874, 'grad_norm': 354866.6875, 'learning_rate': 9.521988527724666e-06, 'epoch': 0.48}
{'loss': 0.5001, 'grad_norm': 373869.71875, 'learning_rate': 9.043977055449332e-06, 'epoch': 0.96}
{'eval_loss': 0.3750070333480835, 'eval_accuracy': 0.8426900846812133, 'eval_precision': 0.8516805975457941, 'eval_recall': 0.8386305927677086, 'eval_f1': 0.8451052190408964, 'eval_runtime': 543.0748, 'eval_samples_per_second': 41.097, 'eval_steps_per_second': 0.643, 'epoch': 1.0}
{'loss': 0.361, 'grad_norm': 413324.46875, 'learning_rate': 8.565965583173997e-06, 'epoch': 1.43}
{'loss': 0.3108, 'grad_norm': 434680.4375, 'learning_rate': 8.087954110898663e-06, 'epoch': 1.91}
{'eval_loss': 0.2565256655216217, 'eval_accuracy': 0.9093597383395313, 'eval_precision': 0.9094632276054374, 'eval_recall': 0.9138429209351195, 'eval_f1': 0.9116478141241211, 'eval_runtime': 543.5074, 'eval_samples_per_second': 41.065, 'eval_steps_per_second': 0.642, 'epoch': 2.0}
{'loss': 0.2641, 'grad_norm': 396954.625, 'learning_rate': 7.609942638623328e-06, 'epoch': 2.39}
{'loss': 0.2441, 'grad_norm': 374061.15625, 'learning_rate': 7.1319311663479925e-06, 'epoch': 2.87}
{'eval_loss': 0.2170368731021881, 'eval_accuracy': 0.9305972489806891, 'eval_precision': 0.9323756131744919, 'eval_recall': 0.9319674284213292, 'eval_f1': 0.932171476113325, 'eval_runtime': 543.199, 'eval_samples_per_second': 41.088, 'eval_steps_per_second': 0.642, 'epoch': 3.0}
{'loss': 0.2164, 'grad_norm': 234241.046875, 'learning_rate': 6.653919694072658e-06, 'epoch': 3.34}
{'loss': 0.2058, 'grad_norm': 458499.78125, 'learning_rate': 6.175908221797323e-06, 'epoch': 3.82}
{'eval_loss': 0.21150679886341095, 'eval_accuracy': 0.9353913705811192, 'eval_precision': 0.9281730026602591, 'eval_recall': 0.9470274056562472, 'eval_f1': 0.9375054173528646, 'eval_runtime': 543.6162, 'eval_samples_per_second': 41.057, 'eval_steps_per_second': 0.642, 'epoch': 4.0}
{'loss': 0.1934, 'grad_norm': 427546.71875, 'learning_rate': 5.697896749521989e-06, 'epoch': 4.3}
{'loss': 0.1871, 'grad_norm': 748067.375, 'learning_rate': 5.219885277246655e-06, 'epoch': 4.78}
{'eval_loss': 0.20272813737392426, 'eval_accuracy': 0.9405887360544827, 'eval_precision': 0.9379609544468547, 'eval_recall': 0.9465020576131687, 'eval_f1': 0.9422121502658416, 'eval_runtime': 544.0451, 'eval_samples_per_second': 41.024, 'eval_steps_per_second': 0.641, 'epoch': 5.0}
{'loss': 0.1764, 'grad_norm': 238968.5, 'learning_rate': 4.7418738049713195e-06, 'epoch': 5.26}
{'loss': 0.1711, 'grad_norm': 446959.15625, 'learning_rate': 4.263862332695985e-06, 'epoch': 5.73}
{'eval_loss': 0.2038690745830536, 'eval_accuracy': 0.9412608091760384, 'eval_precision': 0.9340546110252447, 'eval_recall': 0.9524560021013921, 'eval_f1': 0.9431655611913122, 'eval_runtime': 543.2745, 'eval_samples_per_second': 41.082, 'eval_steps_per_second': 0.642, 'epoch': 6.0}
{'loss': 0.1608, 'grad_norm': 343847.53125, 'learning_rate': 3.7858508604206506e-06, 'epoch': 6.21}
{'loss': 0.1586, 'grad_norm': 248402.078125, 'learning_rate': 3.3078393881453158e-06, 'epoch': 6.69}
{'eval_loss': 0.20756545662879944, 'eval_accuracy': 0.9416192481742014, 'eval_precision': 0.9429947460595447, 'eval_recall': 0.9429121793187987, 'eval_f1': 0.9429534608817478, 'eval_runtime': 542.5158, 'eval_samples_per_second': 41.14, 'eval_steps_per_second': 0.643, 'epoch': 7.0}
{'loss': 0.1505, 'grad_norm': 279047.4375, 'learning_rate': 2.829827915869981e-06, 'epoch': 7.17}
{'loss': 0.1417, 'grad_norm': 110382.0625, 'learning_rate': 2.3518164435946465e-06, 'epoch': 7.64}
{'eval_loss': 0.2012016773223877, 'eval_accuracy': 0.9429185895425423, 'eval_precision': 0.9393021040782752, 'eval_recall': 0.9498292618859995, 'eval_f1': 0.9445363517631693, 'eval_runtime': 542.029, 'eval_samples_per_second': 41.177, 'eval_steps_per_second': 0.644, 'epoch': 8.0}
{'loss': 0.1507, 'grad_norm': 95890.328125, 'learning_rate': 1.8738049713193118e-06, 'epoch': 8.12}
{'loss': 0.1337, 'grad_norm': 661290.3125, 'learning_rate': 1.3957934990439772e-06, 'epoch': 8.6}
{'eval_loss': 0.20499633252620697, 'eval_accuracy': 0.9435458577893274, 'eval_precision': 0.9435955644809221, 'eval_recall': 0.9462393835916294, 'eval_f1': 0.9449156247267639, 'eval_runtime': 542.7913, 'eval_samples_per_second': 41.119, 'eval_steps_per_second': 0.643, 'epoch': 9.0}
{'loss': 0.137, 'grad_norm': 133018.3125, 'learning_rate': 9.177820267686425e-07, 'epoch': 9.08}
{'loss': 0.1285, 'grad_norm': 389327.0, 'learning_rate': 4.3977055449330783e-07, 'epoch': 9.56}
{'eval_loss': 0.20949214696884155, 'eval_accuracy': 0.9429185895425423, 'eval_precision': 0.9408289165001303, 'eval_recall': 0.9480781017424044, 'eval_f1': 0.9444395987788923, 'eval_runtime': 545.4856, 'eval_samples_per_second': 40.916, 'eval_steps_per_second': 0.64, 'epoch': 10.0}
{'train_runtime': 36801.8876, 'train_samples_per_second': 18.193, 'train_steps_per_second': 0.284, 'train_loss': 0.22930064885155876, 'epoch': 10.0}
/tmpdir/job/104585.undefined/
/tmpdir/job/104585.undefined/.smpd
